#
# There is insufficient memory for the Java Runtime Environment to continue.
# Native memory allocation (malloc) failed to allocate 386896 bytes for Chunk::new
# Possible reasons:
#   The system is out of physical RAM or swap space
#   The process is running with CompressedOops enabled, and the Java Heap may be blocking the growth of the native heap
# Possible solutions:
#   Reduce memory load on the system
#   Increase physical memory or swap space
#   Check if swap backing store is full
#   Decrease Java heap size (-Xmx/-Xms)
#   Decrease number of Java threads
#   Decrease Java thread stack sizes (-Xss)
#   Set larger code cache with -XX:ReservedCodeCacheSize=
#   JVM is running with Unscaled Compressed Oops mode in which the Java heap is
#     placed in the first 4GB address space. The Java Heap base address is the
#     maximum limit for the native heap growth. Please use -XX:HeapBaseMinAddress
#     to set the Java Heap base and to place the Java Heap above 4GB virtual address.
# This output file may be truncated or incomplete.
#
#  Out of Memory Error (allocation.cpp:389), pid=44068, tid=0x00000000000014e4
#
# JRE version: Java(TM) SE Runtime Environment (8.0_261-b12) (build 1.8.0_261-b12)
# Java VM: Java HotSpot(TM) 64-Bit Server VM (25.261-b12 mixed mode windows-amd64 compressed oops)
# Failed to write core dump. Minidumps are not enabled by default on client versions of Windows
#

---------------  T H R E A D  ---------------

Current thread (0x0000000007766800):  JavaThread "C2 CompilerThread1" daemon [_thread_in_native, id=5348, stack(0x0000000059390000,0x0000000059490000)]

Stack: [0x0000000059390000,0x0000000059490000]
Native frames: (J=compiled Java code, j=interpreted, Vv=VM code, C=native code)
V  [jvm.dll+0x33e5f9]


Current CompileTask:
C2:   5638 1605   !   4       java.net.URLClassLoader$1::run (63 bytes)


---------------  P R O C E S S  ---------------

Java Threads: ( => current thread )
  0x00000000077af000 JavaThread "Service Thread" daemon [_thread_blocked, id=29952, stack(0x0000000059a90000,0x0000000059b90000)]
  0x0000000007772000 JavaThread "C1 CompilerThread2" daemon [_thread_blocked, id=30696, stack(0x0000000059560000,0x0000000059660000)]
=>0x0000000007766800 JavaThread "C2 CompilerThread1" daemon [_thread_in_native, id=5348, stack(0x0000000059390000,0x0000000059490000)]
  0x0000000007764000 JavaThread "C2 CompilerThread0" daemon [_thread_in_native, id=24076, stack(0x0000000059180000,0x0000000059280000)]
  0x0000000007760800 JavaThread "Monitor Ctrl-Break" daemon [_thread_in_native, id=29800, stack(0x0000000058f00000,0x0000000059000000)]
  0x0000000007722800 JavaThread "Attach Listener" daemon [_thread_blocked, id=12564, stack(0x0000000058d70000,0x0000000058e70000)]
  0x000000000770a000 JavaThread "Signal Dispatcher" daemon [_thread_blocked, id=28232, stack(0x0000000058c00000,0x0000000058d00000)]
  0x0000000001d5f000 JavaThread "Finalizer" daemon [_thread_blocked, id=25988, stack(0x00000000587e0000,0x00000000588e0000)]
  0x00000000076e3000 JavaThread "Reference Handler" daemon [_thread_blocked, id=28772, stack(0x0000000058a90000,0x0000000058b90000)]
  0x00000000004ca800 JavaThread "main" [_thread_in_native, id=22860, stack(0x0000000001fc0000,0x00000000020c0000)]

Other Threads:
  0x00000000076a0000 VMThread [stack: 0x00000000588f0000,0x00000000589f0000] [id=28456]
  0x00000000596c9800 WatcherThread [stack: 0x0000000059b90000,0x0000000059c90000] [id=27736]

VM state:not at safepoint (normal execution)

VM Mutex/Monitor currently owned by a thread: None

heap address: 0x0000000084a00000, size: 1974 MB, Compressed Oops mode: 32-bit
Narrow klass base: 0x0000000000000000, Narrow klass shift: 0
Compressed class space size: 1073741824 Address: 0x0000000017250000

Heap:
 PSYoungGen      total 36864K, used 35330K [0x00000000d6e00000, 0x00000000d9700000, 0x0000000100000000)
  eden space 31744K, 95% used [0x00000000d6e00000,0x00000000d8b825b0,0x00000000d8d00000)
  from space 5120K, 99% used [0x00000000d9200000,0x00000000d96fe468,0x00000000d9700000)
  to   space 5120K, 0% used [0x00000000d8d00000,0x00000000d8d00000,0x00000000d9200000)
 ParOldGen       total 84992K, used 1689K [0x0000000084a00000, 0x0000000089d00000, 0x00000000d6e00000)
  object space 84992K, 1% used [0x0000000084a00000,0x0000000084ba6520,0x0000000089d00000)
 Metaspace       used 15148K, capacity 15464K, committed 15872K, reserved 1062912K
  class space    used 1860K, capacity 1940K, committed 2048K, reserved 1048576K

Card table byte_map: [0x0000000002750000,0x0000000002b30000] byte_map_base: 0x000000000232b000

Marking Bits: (ParMarkBitMap*) 0x00000000081d4fb0
 Begin Bits: [0x0000000003240000, 0x0000000005118000)
 End Bits:   [0x0000000005118000, 0x0000000006ff0000)

Polling page: 0x0000000000130000

CodeCache: size=245760Kb used=5803Kb max_used=5803Kb free=239956Kb
 bounds [0x0000000008250000, 0x0000000008800000, 0x0000000017250000]
 total_blobs=2033 nmethods=1667 adapters=278
 compilation: enabled

Compilation events (10 events):
Event: 5.261 Thread 0x0000000007772000 1657   !   3       java.io.PrintStream::write (69 bytes)
Event: 5.262 Thread 0x0000000007772000 nmethod 1657 0x00000000087f7190 code [0x00000000087f7360, 0x00000000087f7ad8]
Event: 5.262 Thread 0x0000000007772000 1658  s    3       java.io.BufferedOutputStream::write (67 bytes)
Event: 5.263 Thread 0x0000000007772000 nmethod 1658 0x00000000087f7ed0 code [0x00000000087f80a0, 0x00000000087f88d8]
Event: 5.374 Thread 0x0000000007772000 1659  s    3       java.util.Vector::elementAt (48 bytes)
Event: 5.375 Thread 0x0000000007772000 nmethod 1659 0x00000000087f9790 code [0x00000000087f99a0, 0x00000000087fa528]
Event: 5.490 Thread 0x0000000007772000 1660       3       java.util.regex.Matcher::group (112 bytes)
Event: 5.492 Thread 0x0000000007772000 nmethod 1660 0x00000000087faad0 code [0x00000000087fad00, 0x00000000087fba48]
Event: 5.492 Thread 0x0000000007772000 1661       3       java.util.regex.Matcher::groupCount (10 bytes)
Event: 5.492 Thread 0x0000000007772000 nmethod 1661 0x00000000087fc010 code [0x00000000087fc160, 0x00000000087fc2b0]

GC Heap History (4 events):
Event: 3.137 GC heap before
{Heap before GC invocations=1 (full 0):
 PSYoungGen      total 36864K, used 31744K [0x00000000d6e00000, 0x00000000d9700000, 0x0000000100000000)
  eden space 31744K, 100% used [0x00000000d6e00000,0x00000000d8d00000,0x00000000d8d00000)
  from space 5120K, 0% used [0x00000000d9200000,0x00000000d9200000,0x00000000d9700000)
  to   space 5120K, 0% used [0x00000000d8d00000,0x00000000d8d00000,0x00000000d9200000)
 ParOldGen       total 84992K, used 0K [0x0000000084a00000, 0x0000000089d00000, 0x00000000d6e00000)
  object space 84992K, 0% used [0x0000000084a00000,0x0000000084a00000,0x0000000089d00000)
 Metaspace       used 8830K, capacity 8956K, committed 9088K, reserved 1056768K
  class space    used 1051K, capacity 1112K, committed 1152K, reserved 1048576K
Event: 3.146 GC heap after
Heap after GC invocations=1 (full 0):
 PSYoungGen      total 36864K, used 5099K [0x00000000d6e00000, 0x00000000d9700000, 0x0000000100000000)
  eden space 31744K, 0% used [0x00000000d6e00000,0x00000000d6e00000,0x00000000d8d00000)
  from space 5120K, 99% used [0x00000000d8d00000,0x00000000d91fae88,0x00000000d9200000)
  to   space 5120K, 0% used [0x00000000d9200000,0x00000000d9200000,0x00000000d9700000)
 ParOldGen       total 84992K, used 147K [0x0000000084a00000, 0x0000000089d00000, 0x00000000d6e00000)
  object space 84992K, 0% used [0x0000000084a00000,0x0000000084a24db8,0x0000000089d00000)
 Metaspace       used 8830K, capacity 8956K, committed 9088K, reserved 1056768K
  class space    used 1051K, capacity 1112K, committed 1152K, reserved 1048576K
}
Event: 3.982 GC heap before
{Heap before GC invocations=2 (full 0):
 PSYoungGen      total 36864K, used 36843K [0x00000000d6e00000, 0x00000000d9700000, 0x0000000100000000)
  eden space 31744K, 100% used [0x00000000d6e00000,0x00000000d8d00000,0x00000000d8d00000)
  from space 5120K, 99% used [0x00000000d8d00000,0x00000000d91fae88,0x00000000d9200000)
  to   space 5120K, 0% used [0x00000000d9200000,0x00000000d9200000,0x00000000d9700000)
 ParOldGen       total 84992K, used 147K [0x0000000084a00000, 0x0000000089d00000, 0x00000000d6e00000)
  object space 84992K, 0% used [0x0000000084a00000,0x0000000084a24db8,0x0000000089d00000)
 Metaspace       used 11644K, capacity 11854K, committed 12032K, reserved 1060864K
  class space    used 1404K, capacity 1478K, committed 1536K, reserved 1048576K
Event: 3.990 GC heap after
Heap after GC invocations=2 (full 0):
 PSYoungGen      total 36864K, used 5113K [0x00000000d6e00000, 0x00000000d9700000, 0x0000000100000000)
  eden space 31744K, 0% used [0x00000000d6e00000,0x00000000d6e00000,0x00000000d8d00000)
  from space 5120K, 99% used [0x00000000d9200000,0x00000000d96fe468,0x00000000d9700000)
  to   space 5120K, 0% used [0x00000000d8d00000,0x00000000d8d00000,0x00000000d9200000)
 ParOldGen       total 84992K, used 1689K [0x0000000084a00000, 0x0000000089d00000, 0x00000000d6e00000)
  object space 84992K, 1% used [0x0000000084a00000,0x0000000084ba6520,0x0000000089d00000)
 Metaspace       used 11644K, capacity 11854K, committed 12032K, reserved 1060864K
  class space    used 1404K, capacity 1478K, committed 1536K, reserved 1048576K
}

Deoptimization events (10 events):
Event: 3.338 Thread 0x00000000004ca800 Uncommon trap: reason=unstable_if action=reinterpret pc=0x00000000084f2e6c method=java.util.HashMap.getNode(ILjava/lang/Object;)Ljava/util/HashMap$Node; @ 129
Event: 3.339 Thread 0x00000000004ca800 Uncommon trap: reason=unstable_if action=reinterpret pc=0x00000000084ef968 method=java.util.HashMap.getNode(ILjava/lang/Object;)Ljava/util/HashMap$Node; @ 129
Event: 3.352 Thread 0x00000000004ca800 Uncommon trap: reason=range_check action=make_not_entrant pc=0x0000000008539f90 method=sun.reflect.generics.parser.SignatureParser.current()C @ 34
Event: 4.273 Thread 0x00000000004ca800 Uncommon trap: reason=bimorphic action=maybe_recompile pc=0x00000000085e2e58 method=java.util.HashMap.putVal(ILjava/lang/Object;Ljava/lang/Object;ZZ)Ljava/lang/Object; @ 203
Event: 4.774 Thread 0x00000000004ca800 Uncommon trap: reason=unstable_if action=reinterpret pc=0x0000000008781750 method=org.eclipse.sisu.inject.InjectorBindings.isAssignableFrom(Lcom/google/inject/TypeLiteral;Lcom/google/inject/Binding;)Z @ 14
Event: 4.777 Thread 0x00000000004ca800 Uncommon trap: reason=null_check action=make_not_entrant pc=0x0000000008422790 method=java.lang.String.equals(Ljava/lang/Object;)Z @ 8
Event: 4.788 Thread 0x00000000004ca800 Uncommon trap: reason=unstable_if action=reinterpret pc=0x000000000847776c method=sun.misc.MetaIndex.mayContain(Ljava/lang/String;)Z @ 38
Event: 4.834 Thread 0x00000000004ca800 Uncommon trap: reason=unstable_if action=reinterpret pc=0x000000000853a984 method=sun.nio.cs.UTF_8$Decoder.decodeArrayLoop(Ljava/nio/ByteBuffer;Ljava/nio/CharBuffer;)Ljava/nio/charset/CoderResult; @ 84
Event: 5.230 Thread 0x00000000004ca800 Uncommon trap: reason=unstable_if action=reinterpret pc=0x0000000008464d00 method=java.lang.AbstractStringBuilder.append(Ljava/lang/String;)Ljava/lang/AbstractStringBuilder; @ 1
Event: 5.230 Thread 0x00000000004ca800 Uncommon trap: reason=unstable_if action=reinterpret pc=0x0000000008437138 method=java.lang.AbstractStringBuilder.append(Ljava/lang/String;)Ljava/lang/AbstractStringBuilder; @ 1

Classes redefined (0 events):
No events

Internal exceptions (10 events):
Event: 2.994 Thread 0x00000000004ca800 Exception <a 'java/lang/ArrayIndexOutOfBoundsException'> (0x00000000d875fb78) thrown at [C:\jenkins\workspace\8-2-build-windows-amd64-cygwin\jdk8u261\295\hotspot\src\share\vm\runtime\sharedRuntime.cpp, line 605]
Event: 3.237 Thread 0x00000000004ca800 Exception <a 'java/lang/ArrayIndexOutOfBoundsException'> (0x00000000d721a8a0) thrown at [C:\jenkins\workspace\8-2-build-windows-amd64-cygwin\jdk8u261\295\hotspot\src\share\vm\runtime\sharedRuntime.cpp, line 605]
Event: 3.268 Thread 0x00000000004ca800 Exception <a 'java/lang/ArrayIndexOutOfBoundsException'> (0x00000000d721f200) thrown at [C:\jenkins\workspace\8-2-build-windows-amd64-cygwin\jdk8u261\295\hotspot\src\share\vm\runtime\sharedRuntime.cpp, line 605]
Event: 3.352 Thread 0x00000000004ca800 Exception <a 'java/lang/ArrayIndexOutOfBoundsException': 66> (0x00000000d7579bf8) thrown at [C:\jenkins\workspace\8-2-build-windows-amd64-cygwin\jdk8u261\295\hotspot\src\share\vm\interpreter\interpreterRuntime.cpp, line 368]
Event: 4.606 Thread 0x00000000004ca800 Exception <a 'java/lang/NoClassDefFoundError': com/google/inject/servlet/ServletModuleTargetVisitor> (0x00000000d8020358) thrown at [C:\jenkins\workspace\8-2-build-windows-amd64-cygwin\jdk8u261\295\hotspot\src\share\vm\classfile\systemDictionary.cpp, line
Event: 4.606 Thread 0x00000000004ca800 Exception <a 'java/lang/NoClassDefFoundError'> (0x00000000d8020358) thrown at [C:\jenkins\workspace\8-2-build-windows-amd64-cygwin\jdk8u261\295\hotspot\src\share\vm\prims\jvm.cpp, line 1516]
Event: 4.606 Thread 0x00000000004ca800 Exception <a 'java/lang/NoClassDefFoundError': javax/annotation/Priority> (0x00000000d8024d48) thrown at [C:\jenkins\workspace\8-2-build-windows-amd64-cygwin\jdk8u261\295\hotspot\src\share\vm\classfile\systemDictionary.cpp, line 199]
Event: 4.777 Thread 0x00000000004ca800 Implicit null exception at 0x00000000084225c8 to 0x0000000008422781
Event: 5.230 Thread 0x00000000004ca800 Implicit null exception at 0x0000000008464946 to 0x0000000008464ce9
Event: 5.230 Thread 0x00000000004ca800 Implicit null exception at 0x0000000008436d86 to 0x0000000008437121

Events (10 events):
Event: 5.374 loading class sun/nio/ch/SharedFileLockTable$FileLockReference
Event: 5.374 loading class sun/nio/ch/SharedFileLockTable$FileLockReference done
Event: 5.374 loading class java/nio/channels/spi/AbstractInterruptibleChannel$1
Event: 5.374 loading class sun/nio/ch/Interruptible
Event: 5.479 loading class sun/nio/ch/Interruptible done
Event: 5.479 loading class java/nio/channels/spi/AbstractInterruptibleChannel$1 done
Event: 5.482 loading class org/apache/maven/model/building/DefaultModelBuilder$1
Event: 5.482 loading class org/apache/maven/model/building/DefaultModelBuilder$1 done
Event: 5.482 loading class org/apache/maven/model/building/FilterModelBuildingRequest
Event: 5.482 loading class org/apache/maven/model/building/FilterModelBuildingRequest done


Dynamic libraries:
0x000000013fba0000 - 0x000000013fbe7000 	D:\xh\jdk1.8\bin\java.exe
0x0000000077090000 - 0x000000007722f000 	C:\Windows\SYSTEM32\ntdll.dll
0x0000000076e70000 - 0x0000000076f8f000 	C:\Windows\system32\kernel32.dll
0x000007fefcde0000 - 0x000007fefce4a000 	C:\Windows\system32\KERNELBASE.dll
0x000007fefd750000 - 0x000007fefd82b000 	C:\Windows\system32\ADVAPI32.dll
0x000007feff2e0000 - 0x000007feff37f000 	C:\Windows\system32\msvcrt.dll
0x000007fefe960000 - 0x000007fefe97f000 	C:\Windows\SYSTEM32\sechost.dll
0x000007fefd620000 - 0x000007fefd74c000 	C:\Windows\system32\RPCRT4.dll
0x0000000076f90000 - 0x000000007708a000 	C:\Windows\system32\USER32.dll
0x000007fefe7f0000 - 0x000007fefe857000 	C:\Windows\system32\GDI32.dll
0x000007fefed90000 - 0x000007fefed9e000 	C:\Windows\system32\LPK.dll
0x000007fefea90000 - 0x000007fefeb59000 	C:\Windows\system32\USP10.dll
0x000007fefb330000 - 0x000007fefb524000 	C:\Windows\WinSxS\amd64_microsoft.windows.common-controls_6595b64144ccf1df_6.0.7601.18837_none_fa3b1e3d17594757\COMCTL32.dll
0x000007fefd4b0000 - 0x000007fefd521000 	C:\Windows\system32\SHLWAPI.dll
0x000007fefe7c0000 - 0x000007fefe7ee000 	C:\Windows\system32\IMM32.DLL
0x000007fefe980000 - 0x000007fefea89000 	C:\Windows\system32\MSCTF.dll
0x000007fefcb30000 - 0x000007fefcb61000 	C:\Windows\system32\nvinitx.dll
0x000007fefcb20000 - 0x000007fefcb2c000 	C:\Windows\system32\VERSION.dll
0x00000000745a0000 - 0x00000000745a6000 	C:\Program Files\NVIDIA Corporation\CoProcManager\detoured.dll
0x000007fef99e0000 - 0x000007fef9a12000 	C:\Program Files\NVIDIA Corporation\CoProcManager\nvd3d9wrapx.dll
0x000007feff100000 - 0x000007feff2d7000 	C:\Windows\system32\SETUPAPI.dll
0x000007fefce50000 - 0x000007fefce86000 	C:\Windows\system32\CFGMGR32.dll
0x000007fefd540000 - 0x000007fefd61b000 	C:\Windows\system32\OLEAUT32.dll
0x000007fefe5c0000 - 0x000007fefe7bf000 	C:\Windows\system32\ole32.dll
0x000007fefcda0000 - 0x000007fefcdba000 	C:\Windows\system32\DEVOBJ.dll
0x000007fef9910000 - 0x000007fef9932000 	C:\Program Files\NVIDIA Corporation\CoProcManager\nvdxgiwrapx.dll
0x000007fef1ef0000 - 0x000007fef1ef3000 	C:\Windows\system32\api-ms-win-core-synch-l1-2-0.DLL
0x000007fefb2c0000 - 0x000007fefb2d5000 	D:\xh\jdk1.8\jre\bin\vcruntime140.dll
0x000007fefb1f0000 - 0x000007fefb1f4000 	C:\Windows\system32\api-ms-win-crt-runtime-l1-1-0.dll
0x000007fee5240000 - 0x000007fee5332000 	C:\Windows\system32\ucrtbase.DLL
0x000007fefb1e0000 - 0x000007fefb1e3000 	C:\Windows\system32\api-ms-win-core-timezone-l1-1-0.dll
0x000007fefb1d0000 - 0x000007fefb1d3000 	C:\Windows\system32\api-ms-win-core-file-l2-1-0.dll
0x000007fefa120000 - 0x000007fefa123000 	C:\Windows\system32\api-ms-win-core-localization-l1-2-0.dll
0x000007fefa110000 - 0x000007fefa113000 	C:\Windows\system32\api-ms-win-core-processthreads-l1-1-1.dll
0x000007feef940000 - 0x000007feef943000 	C:\Windows\system32\api-ms-win-core-file-l1-2-0.dll
0x000007feef900000 - 0x000007feef903000 	C:\Windows\system32\api-ms-win-crt-heap-l1-1-0.dll
0x000007feef530000 - 0x000007feef534000 	C:\Windows\system32\api-ms-win-crt-string-l1-1-0.dll
0x000007feef520000 - 0x000007feef524000 	C:\Windows\system32\api-ms-win-crt-stdio-l1-1-0.dll
0x000007feeee10000 - 0x000007feeee14000 	C:\Windows\system32\api-ms-win-crt-convert-l1-1-0.dll
0x000007fefb220000 - 0x000007fefb2bb000 	D:\xh\jdk1.8\jre\bin\msvcp140.dll
0x000007fee4fc0000 - 0x000007fee4fc3000 	C:\Windows\system32\api-ms-win-crt-locale-l1-1-0.dll
0x000007fee7280000 - 0x000007fee7285000 	C:\Windows\system32\api-ms-win-crt-math-l1-1-0.dll
0x000007fee7270000 - 0x000007fee7273000 	C:\Windows\system32\api-ms-win-crt-filesystem-l1-1-0.dll
0x000007fee6e90000 - 0x000007fee6e93000 	C:\Windows\system32\api-ms-win-crt-time-l1-1-0.dll
0x000007feeee00000 - 0x000007feeee03000 	C:\Windows\system32\api-ms-win-crt-environment-l1-1-0.dll
0x000007feeedf0000 - 0x000007feeedf3000 	C:\Windows\system32\api-ms-win-crt-utility-l1-1-0.dll
0x00000000079e0000 - 0x000000000824c000 	D:\xh\jdk1.8\jre\bin\server\jvm.dll
0x000007fef7070000 - 0x000007fef7079000 	C:\Windows\system32\WSOCK32.dll
0x000007fefeda0000 - 0x000007fefeded000 	C:\Windows\system32\WS2_32.dll
0x000007fefd530000 - 0x000007fefd538000 	C:\Windows\system32\NSI.dll
0x000007fefcd30000 - 0x000007fefcd6b000 	C:\Windows\system32\WINMM.dll
0x0000000077240000 - 0x0000000077247000 	C:\Windows\system32\PSAPI.DLL
0x000007fefb310000 - 0x000007fefb320000 	D:\xh\jdk1.8\jre\bin\verify.dll
0x000007fefaab0000 - 0x000007fefaadb000 	D:\xh\jdk1.8\jre\bin\java.dll
0x000007feeced0000 - 0x000007feecf02000 	D:\xh\jdk1.8\jre\bin\instrument.dll
0x000007fefb200000 - 0x000007fefb218000 	D:\xh\jdk1.8\jre\bin\zip.dll
0x000007fefd830000 - 0x000007fefe5b8000 	C:\Windows\system32\SHELL32.dll
0x000007fefcc00000 - 0x000007fefcc0f000 	C:\Windows\system32\profapi.dll
0x000007fefa160000 - 0x000007fefa17a000 	D:\xh\IntelliJ IDEA 2020.1\bin\breakgen64.dll
0x000007fefa4b0000 - 0x000007fefa4cc000 	D:\xh\jdk1.8\jre\bin\net.dll
0x000007fefc270000 - 0x000007fefc2c5000 	C:\Windows\system32\mswsock.dll
0x000007fefc260000 - 0x000007fefc267000 	C:\Windows\System32\wship6.dll
0x000007fefc2d0000 - 0x000007fefc2e8000 	C:\Windows\system32\CRYPTSP.dll
0x000007fefbfd0000 - 0x000007fefc017000 	C:\Windows\system32\rsaenh.dll
0x000007fefcd00000 - 0x000007fefcd1e000 	C:\Windows\system32\USERENV.dll
0x000007fefca50000 - 0x000007fefca5f000 	C:\Windows\system32\CRYPTBASE.dll
0x000007fefa0b0000 - 0x000007fefa0d7000 	C:\Windows\system32\IPHLPAPI.DLL
0x000007fefa0a0000 - 0x000007fefa0ab000 	C:\Windows\system32\WINNSI.DLL
0x000007fef8940000 - 0x000007fef8958000 	C:\Windows\system32\dhcpcsvc.DLL
0x000007fef88e0000 - 0x000007fef88f1000 	C:\Windows\system32\dhcpcsvc6.DLL
0x000007feefcf0000 - 0x000007feefd03000 	D:\xh\jdk1.8\jre\bin\nio.dll
0x000007fefa1b0000 - 0x000007fefa1ba000 	C:\Users\Administrator\AppData\Local\Temp\jansi-1.17.1-6883061389954268397.dll
0x000007fefa1a0000 - 0x000007fefa1aa000 	C:\Users\Administrator\AppData\Local\Temp\jansi-1.17.1-6886635764002060388.dll
0x000007fef9f70000 - 0x000007fefa095000 	C:\Windows\system32\dbghelp.dll

VM Arguments:
jvm_args: -Dmaven.multiModuleProjectDirectory=D:\xh\ideaWorkspace\toexcelserver -Dmaven.home=D:\xh\apache-maven-3.6.3 -Dclassworlds.conf=D:\xh\apache-maven-3.6.3\bin\m2.conf -Dmaven.ext.class.path=D:\xh\IntelliJ IDEA 2020.1\plugins\maven\lib\maven-event-listener.jar -javaagent:D:\xh\IntelliJ IDEA 2020.1\lib\idea_rt.jar=50706:D:\xh\IntelliJ IDEA 2020.1\bin -Dfile.encoding=UTF-8 
java_command: org.codehaus.classworlds.Launcher -Didea.version2020.1 -s D:\xh\apache-maven-3.6.3\conf\settings.xml org.apache.maven.plugins:maven-clean-plugin:3.1.0:clean
java_class_path (initial): D:\xh\apache-maven-3.6.3\boot\plexus-classworlds-2.6.0.jar;D:\xh\apache-maven-3.6.3\boot\plexus-classworlds.license;D:\xh\IntelliJ IDEA 2020.1\lib\idea_rt.jar
Launcher Type: SUN_STANDARD

Environment Variables:
JAVA_HOME=D:\xh\jdk1.8
CLASSPATH=.;D:\xh\jdk1.8\lib;D:\xh\jdk1.8\lib\tools.jar
PATH=C:\Program Files (x86)\Common Files\Oracle\Java\javapath;C:\Program Files (x86)\Common Files\NetSarang;F:\app\Administrator\product\11.2.0\client_3;F:\app\Administrator\product\11.2.0\client_2\bin;F:\app\Administrator\product\11.2.0\client_1;c:\Ora10InstantClient;C:\Windows\system32;C:\Windows;C:\Windows\System32\Wbem;C:\Windows\System32\WindowsPowerShell\v1.0\;C:\Program Files (x86)\Microsoft SQL Server\100\Tools\Binn\;C:\Program Files\Microsoft SQL Server\100\Tools\Binn\;C:\Program Files\Microsoft SQL Server\100\DTS\Binn\;C:\Program Files (x86)\Microsoft SQL Server\100\Tools\Binn\VSShell\Common7\IDE\;C:\Program Files (x86)\Microsoft Visual Studio 9.0\Common7\IDE\PrivateAssemblies\;C:\Program Files (x86)\Microsoft SQL Server\100\DTS\Binn\;C:\Program Files\TortoiseSVN\bin;e:\T6SOFT\desktop;C:\Program Files (x86)\MySQL\MySQL Fabric 1.5 & MySQL Utilities 1.5\;C:\Program Files (x86)\MySQL\MySQL Fabric 1.5 & MySQL Utilities 1.5\Doctrine extensions for PHP\;C:\Oracle\product\11.2.0\client_lite\bin;C:\Program Files (x86)\Kingdee\K3ERP\KDSYSTEM;D:\xh\Git\cmd;D:\xh\nodejs\;D:\xh\jdk1.8\bin;D:\xh\jdk1.8\jre\bin;C:\Program Files\dotnet\;C:\Program Files\Microsoft SQL Server\130\Tools\Binn\;C:\Program Files\Microsoft SQL Server\Client SDK\ODBC\170\Tools\Binn\;;F:\xh\Microsoft VS Code\bin;C:\Users\Administrator\AppData\Roaming\npm;C:\Users\Administrator\.dotnet\tools
USERNAME=Administrator
OS=Windows_NT
PROCESSOR_IDENTIFIER=Intel64 Family 6 Model 61 Stepping 4, GenuineIntel



---------------  S Y S T E M  ---------------

OS: Windows 7 , 64 bit Build 7601 (6.1.7601.24408)

CPU:total 4 (initial active 4) (2 cores per cpu, 2 threads per core) family 6 model 61 stepping 4, cmov, cx8, fxsr, mmx, sse, sse2, sse3, ssse3, sse4.1, sse4.2, popcnt, avx, avx2, aes, clmul, erms, 3dnowpref, lzcnt, ht, tsc, tscinvbit, bmi1, bmi2, adx

Memory: 4k page, physical 8077684k(1039944k free), swap 10697224k(5104k free)

vm_info: Java HotSpot(TM) 64-Bit Server VM (25.261-b12) for windows-amd64 JRE (1.8.0_261-b12), built on Jun 18 2020 06:56:32 by "" with unknown MS VC++:1916

time: Tue Sep 22 16:04:15 2020
timezone: ?D1¨²¡À¨º¡Á?¨º¡À??
elapsed time: 5 seconds (0d 0h 0m 5s)

