#
# There is insufficient memory for the Java Runtime Environment to continue.
# Native memory allocation (malloc) failed to allocate 133776 bytes for Chunk::new
# Possible reasons:
#   The system is out of physical RAM or swap space
#   The process is running with CompressedOops enabled, and the Java Heap may be blocking the growth of the native heap
# Possible solutions:
#   Reduce memory load on the system
#   Increase physical memory or swap space
#   Check if swap backing store is full
#   Decrease Java heap size (-Xmx/-Xms)
#   Decrease number of Java threads
#   Decrease Java thread stack sizes (-Xss)
#   Set larger code cache with -XX:ReservedCodeCacheSize=
#   JVM is running with Unscaled Compressed Oops mode in which the Java heap is
#     placed in the first 4GB address space. The Java Heap base address is the
#     maximum limit for the native heap growth. Please use -XX:HeapBaseMinAddress
#     to set the Java Heap base and to place the Java Heap above 4GB virtual address.
# This output file may be truncated or incomplete.
#
#  Out of Memory Error (allocation.cpp:389), pid=46208, tid=0x000000000000b4c4
#
# JRE version: Java(TM) SE Runtime Environment (8.0_261-b12) (build 1.8.0_261-b12)
# Java VM: Java HotSpot(TM) 64-Bit Server VM (25.261-b12 mixed mode windows-amd64 compressed oops)
# Failed to write core dump. Minidumps are not enabled by default on client versions of Windows
#

---------------  T H R E A D  ---------------

Current thread (0x00000000077e8000):  JavaThread "C2 CompilerThread1" daemon [_thread_in_native, id=46276, stack(0x0000000058ed0000,0x0000000058fd0000)]

Stack: [0x0000000058ed0000,0x0000000058fd0000]
Native frames: (J=compiled Java code, j=interpreted, Vv=VM code, C=native code)
V  [jvm.dll+0x33e5f9]


Current CompileTask:
C2:  24562 4432       4       com.sun.tools.javac.jvm.ClassReader::readPool (504 bytes)


---------------  P R O C E S S  ---------------

Java Threads: ( => current thread )
  0x000000000782f000 JavaThread "Service Thread" daemon [_thread_blocked, id=46284, stack(0x0000000059980000,0x0000000059a80000)]
  0x00000000592d8800 JavaThread "C1 CompilerThread2" daemon [_thread_in_native, id=46280, stack(0x0000000059720000,0x0000000059820000)]
=>0x00000000077e8000 JavaThread "C2 CompilerThread1" daemon [_thread_in_native, id=46276, stack(0x0000000058ed0000,0x0000000058fd0000)]
  0x00000000077e3800 JavaThread "C2 CompilerThread0" daemon [_thread_in_native, id=46272, stack(0x00000000591b0000,0x00000000592b0000)]
  0x00000000077e2000 JavaThread "Monitor Ctrl-Break" daemon [_thread_in_native, id=46268, stack(0x0000000059050000,0x0000000059150000)]
  0x00000000077a1800 JavaThread "Attach Listener" daemon [_thread_blocked, id=46264, stack(0x0000000058d70000,0x0000000058e70000)]
  0x000000000778a800 JavaThread "Signal Dispatcher" daemon [_thread_blocked, id=46260, stack(0x0000000058c60000,0x0000000058d60000)]
  0x0000000007773000 JavaThread "Finalizer" daemon [_thread_blocked, id=46256, stack(0x00000000588b0000,0x00000000589b0000)]
  0x00000000031af000 JavaThread "Reference Handler" daemon [_thread_blocked, id=46252, stack(0x0000000058ad0000,0x0000000058bd0000)]
  0x000000000036b000 JavaThread "main" [_thread_in_Java, id=46228, stack(0x0000000002010000,0x0000000002110000)]

Other Threads:
  0x0000000007721800 VMThread [stack: 0x00000000589c0000,0x0000000058ac0000] [id=46248]
  0x0000000059301800 WatcherThread [stack: 0x0000000059830000,0x0000000059930000] [id=46288]

VM state:not at safepoint (normal execution)

VM Mutex/Monitor currently owned by a thread: None

heap address: 0x0000000084a00000, size: 1974 MB, Compressed Oops mode: 32-bit
Narrow klass base: 0x0000000000000000, Narrow klass shift: 0
Compressed class space size: 1073741824 Address: 0x0000000017250000

Heap:
 PSYoungGen      total 120320K, used 7381K [0x00000000d6e00000, 0x00000000e5280000, 0x0000000100000000)
  eden space 115200K, 1% used [0x00000000d6e00000,0x00000000d7037800,0x00000000dde80000)
  from space 5120K, 99% used [0x00000000def00000,0x00000000df3fdf78,0x00000000df400000)
  to   space 16896K, 0% used [0x00000000dde80000,0x00000000dde80000,0x00000000def00000)
 ParOldGen       total 64512K, used 27487K [0x0000000084a00000, 0x0000000088900000, 0x00000000d6e00000)
  object space 64512K, 42% used [0x0000000084a00000,0x00000000864d7f60,0x0000000088900000)
 Metaspace       used 24925K, capacity 25598K, committed 25648K, reserved 1071104K
  class space    used 2906K, capacity 3071K, committed 3120K, reserved 1048576K

Card table byte_map: [0x00000000027a0000,0x0000000002b80000] byte_map_base: 0x000000000237b000

Marking Bits: (ParMarkBitMap*) 0x00000000081d4fb0
 Begin Bits: [0x00000000032c0000, 0x0000000005198000)
 End Bits:   [0x0000000005198000, 0x0000000007070000)

Polling page: 0x0000000000220000

CodeCache: size=245760Kb used=13861Kb max_used=14266Kb free=231898Kb
 bounds [0x0000000008250000, 0x0000000009060000, 0x0000000017250000]
 total_blobs=4391 nmethods=3964 adapters=339
 compilation: enabled

Compilation events (10 events):
Event: 24.503 Thread 0x00000000077e3800 nmethod 4370 0x000000000904c090 code [0x000000000904c520, 0x0000000009051568]
Event: 24.503 Thread 0x00000000077e3800 4502       4       com.sun.tools.javac.file.ZipFileIndex::get2ByteLittleEndian (21 bytes)
Event: 24.504 Thread 0x00000000077e3800 nmethod 4502 0x00000000088937d0 code [0x0000000008893900, 0x0000000008893998]
Event: 24.504 Thread 0x00000000077e3800 4493       4       com.sun.tools.javac.jvm.ClassReader::readName (55 bytes)
Event: 24.506 Thread 0x00000000077e3800 nmethod 4493 0x000000000884ee90 code [0x000000000884efe0, 0x000000000884f088]
Event: 24.506 Thread 0x00000000077e3800 4490       4       com.sun.tools.javac.code.Scope::lookup (9 bytes)
Event: 24.506 Thread 0x00000000077e3800 nmethod 4490 0x00000000087fb710 code [0x00000000087fb860, 0x00000000087fb8d8]
Event: 24.506 Thread 0x00000000077e3800 4501       4       com.sun.tools.javac.tree.TreeScanner::scan (10 bytes)
Event: 24.507 Thread 0x00000000077e3800 nmethod 4501 0x0000000008987d90 code [0x0000000008987ec0, 0x0000000008987f38]
Event: 24.507 Thread 0x00000000077e3800 4508       4       com.sun.tools.javac.file.ZipFileIndexArchive$ZipFileIndexFileObject::inferBinaryName (58 bytes)

GC Heap History (10 events):
Event: 7.490 GC heap before
{Heap before GC invocations=3 (full 0):
 PSYoungGen      total 68608K, used 68586K [0x00000000d6e00000, 0x00000000db600000, 0x0000000100000000)
  eden space 63488K, 100% used [0x00000000d6e00000,0x00000000dac00000,0x00000000dac00000)
  from space 5120K, 99% used [0x00000000db100000,0x00000000db5fa868,0x00000000db600000)
  to   space 5120K, 0% used [0x00000000dac00000,0x00000000dac00000,0x00000000db100000)
 ParOldGen       total 84992K, used 1489K [0x0000000084a00000, 0x0000000089d00000, 0x00000000d6e00000)
  object space 84992K, 1% used [0x0000000084a00000,0x0000000084b74620,0x0000000089d00000)
 Metaspace       used 16228K, capacity 16610K, committed 16896K, reserved 1064960K
  class space    used 1938K, capacity 2042K, committed 2048K, reserved 1048576K
Event: 7.588 GC heap after
Heap after GC invocations=3 (full 0):
 PSYoungGen      total 68608K, used 5112K [0x00000000d6e00000, 0x00000000df400000, 0x0000000100000000)
  eden space 63488K, 0% used [0x00000000d6e00000,0x00000000d6e00000,0x00000000dac00000)
  from space 5120K, 99% used [0x00000000dac00000,0x00000000db0fe030,0x00000000db100000)
  to   space 5120K, 0% used [0x00000000def00000,0x00000000def00000,0x00000000df400000)
 ParOldGen       total 84992K, used 8432K [0x0000000084a00000, 0x0000000089d00000, 0x00000000d6e00000)
  object space 84992K, 9% used [0x0000000084a00000,0x000000008523c3f8,0x0000000089d00000)
 Metaspace       used 16228K, capacity 16610K, committed 16896K, reserved 1064960K
  class space    used 1938K, capacity 2042K, committed 2048K, reserved 1048576K
}
Event: 12.906 GC heap before
{Heap before GC invocations=4 (full 0):
 PSYoungGen      total 68608K, used 68600K [0x00000000d6e00000, 0x00000000df400000, 0x0000000100000000)
  eden space 63488K, 100% used [0x00000000d6e00000,0x00000000dac00000,0x00000000dac00000)
  from space 5120K, 99% used [0x00000000dac00000,0x00000000db0fe030,0x00000000db100000)
  to   space 5120K, 0% used [0x00000000def00000,0x00000000def00000,0x00000000df400000)
 ParOldGen       total 84992K, used 8432K [0x0000000084a00000, 0x0000000089d00000, 0x00000000d6e00000)
  object space 84992K, 9% used [0x0000000084a00000,0x000000008523c3f8,0x0000000089d00000)
 Metaspace       used 16908K, capacity 17302K, committed 17536K, reserved 1064960K
  class space    used 1960K, capacity 2050K, committed 2176K, reserved 1048576K
Event: 12.933 GC heap after
Heap after GC invocations=4 (full 0):
 PSYoungGen      total 132096K, used 5096K [0x00000000d6e00000, 0x00000000df400000, 0x0000000100000000)
  eden space 126976K, 0% used [0x00000000d6e00000,0x00000000d6e00000,0x00000000dea00000)
  from space 5120K, 99% used [0x00000000def00000,0x00000000df3fa040,0x00000000df400000)
  to   space 5120K, 0% used [0x00000000dea00000,0x00000000dea00000,0x00000000def00000)
 ParOldGen       total 84992K, used 11121K [0x0000000084a00000, 0x0000000089d00000, 0x00000000d6e00000)
  object space 84992K, 13% used [0x0000000084a00000,0x00000000854dc640,0x0000000089d00000)
 Metaspace       used 16908K, capacity 17302K, committed 17536K, reserved 1064960K
  class space    used 1960K, capacity 2050K, committed 2176K, reserved 1048576K
}
Event: 16.192 GC heap before
{Heap before GC invocations=5 (full 0):
 PSYoungGen      total 132096K, used 50228K [0x00000000d6e00000, 0x00000000df400000, 0x0000000100000000)
  eden space 126976K, 35% used [0x00000000d6e00000,0x00000000d9a131e8,0x00000000dea00000)
  from space 5120K, 99% used [0x00000000def00000,0x00000000df3fa040,0x00000000df400000)
  to   space 5120K, 0% used [0x00000000dea00000,0x00000000dea00000,0x00000000def00000)
 ParOldGen       total 84992K, used 11121K [0x0000000084a00000, 0x0000000089d00000, 0x00000000d6e00000)
  object space 84992K, 13% used [0x0000000084a00000,0x00000000854dc640,0x0000000089d00000)
 Metaspace       used 20751K, capacity 21198K, committed 21296K, reserved 1069056K
  class space    used 2460K, capacity 2586K, committed 2608K, reserved 1048576K
Event: 16.240 GC heap after
Heap after GC invocations=5 (full 0):
 PSYoungGen      total 132096K, used 5112K [0x00000000d6e00000, 0x00000000df400000, 0x0000000100000000)
  eden space 126976K, 0% used [0x00000000d6e00000,0x00000000d6e00000,0x00000000dea00000)
  from space 5120K, 99% used [0x00000000dea00000,0x00000000deefe030,0x00000000def00000)
  to   space 5120K, 0% used [0x00000000def00000,0x00000000def00000,0x00000000df400000)
 ParOldGen       total 84992K, used 14599K [0x0000000084a00000, 0x0000000089d00000, 0x00000000d6e00000)
  object space 84992K, 17% used [0x0000000084a00000,0x0000000085841e88,0x0000000089d00000)
 Metaspace       used 20751K, capacity 21198K, committed 21296K, reserved 1069056K
  class space    used 2460K, capacity 2586K, committed 2608K, reserved 1048576K
}
Event: 16.240 GC heap before
{Heap before GC invocations=6 (full 1):
 PSYoungGen      total 132096K, used 5112K [0x00000000d6e00000, 0x00000000df400000, 0x0000000100000000)
  eden space 126976K, 0% used [0x00000000d6e00000,0x00000000d6e00000,0x00000000dea00000)
  from space 5120K, 99% used [0x00000000dea00000,0x00000000deefe030,0x00000000def00000)
  to   space 5120K, 0% used [0x00000000def00000,0x00000000def00000,0x00000000df400000)
 ParOldGen       total 84992K, used 14599K [0x0000000084a00000, 0x0000000089d00000, 0x00000000d6e00000)
  object space 84992K, 17% used [0x0000000084a00000,0x0000000085841e88,0x0000000089d00000)
 Metaspace       used 20751K, capacity 21198K, committed 21296K, reserved 1069056K
  class space    used 2460K, capacity 2586K, committed 2608K, reserved 1048576K
Event: 16.403 GC heap after
Heap after GC invocations=6 (full 1):
 PSYoungGen      total 132096K, used 0K [0x00000000d6e00000, 0x00000000df400000, 0x0000000100000000)
  eden space 126976K, 0% used [0x00000000d6e00000,0x00000000d6e00000,0x00000000dea00000)
  from space 5120K, 0% used [0x00000000dea00000,0x00000000dea00000,0x00000000def00000)
  to   space 5120K, 0% used [0x00000000def00000,0x00000000def00000,0x00000000df400000)
 ParOldGen       total 64512K, used 13923K [0x0000000084a00000, 0x0000000088900000, 0x00000000d6e00000)
  object space 64512K, 21% used [0x0000000084a00000,0x0000000085798ee8,0x0000000088900000)
 Metaspace       used 20751K, capacity 21198K, committed 21296K, reserved 1069056K
  class space    used 2460K, capacity 2586K, committed 2608K, reserved 1048576K
}
Event: 24.516 GC heap before
{Heap before GC invocations=7 (full 1):
 PSYoungGen      total 132096K, used 126976K [0x00000000d6e00000, 0x00000000df400000, 0x0000000100000000)
  eden space 126976K, 100% used [0x00000000d6e00000,0x00000000dea00000,0x00000000dea00000)
  from space 5120K, 0% used [0x00000000dea00000,0x00000000dea00000,0x00000000def00000)
  to   space 5120K, 0% used [0x00000000def00000,0x00000000def00000,0x00000000df400000)
 ParOldGen       total 64512K, used 13923K [0x0000000084a00000, 0x0000000088900000, 0x00000000d6e00000)
  object space 64512K, 21% used [0x0000000084a00000,0x0000000085798ee8,0x0000000088900000)
 Metaspace       used 24925K, capacity 25598K, committed 25648K, reserved 1071104K
  class space    used 2906K, capacity 3071K, committed 3120K, reserved 1048576K
Event: 24.553 GC heap after
Heap after GC invocations=7 (full 1):
 PSYoungGen      total 120320K, used 5111K [0x00000000d6e00000, 0x00000000e5280000, 0x0000000100000000)
  eden space 115200K, 0% used [0x00000000d6e00000,0x00000000d6e00000,0x00000000dde80000)
  from space 5120K, 99% used [0x00000000def00000,0x00000000df3fdf78,0x00000000df400000)
  to   space 16896K, 0% used [0x00000000dde80000,0x00000000dde80000,0x00000000def00000)
 ParOldGen       total 64512K, used 27487K [0x0000000084a00000, 0x0000000088900000, 0x00000000d6e00000)
  object space 64512K, 42% used [0x0000000084a00000,0x00000000864d7f60,0x0000000088900000)
 Metaspace       used 24925K, capacity 25598K, committed 25648K, reserved 1071104K
  class space    used 2906K, capacity 3071K, committed 3120K, reserved 1048576K
}

Deoptimization events (10 events):
Event: 23.340 Thread 0x000000000036b000 Uncommon trap: reason=class_check action=maybe_recompile pc=0x00000000089a127c method=java.util.Collections$UnmodifiableMap$UnmodifiableEntrySet$1.hasNext()Z @ 4
Event: 23.340 Thread 0x000000000036b000 Uncommon trap: reason=class_check action=maybe_recompile pc=0x00000000089b02dc method=java.util.Collections$UnmodifiableMap$UnmodifiableEntrySet$1.next()Ljava/util/Map$Entry; @ 8
Event: 23.340 Thread 0x000000000036b000 Uncommon trap: reason=class_check action=maybe_recompile pc=0x00000000089acdb0 method=java.util.Collections$UnmodifiableMap$UnmodifiableEntrySet$UnmodifiableEntry.getKey()Ljava/lang/Object; @ 4
Event: 23.340 Thread 0x000000000036b000 Uncommon trap: reason=class_check action=maybe_recompile pc=0x00000000089b2230 method=java.util.Collections$UnmodifiableMap$UnmodifiableEntrySet$UnmodifiableEntry.getValue()Ljava/lang/Object; @ 4
Event: 23.564 Thread 0x000000000036b000 Uncommon trap: reason=null_check action=maybe_recompile pc=0x00000000089b3e24 method=java.util.regex.Matcher.getTextLength()I @ 4
Event: 23.571 Thread 0x000000000036b000 Uncommon trap: reason=null_check action=maybe_recompile pc=0x00000000089b3e24 method=java.util.regex.Matcher.getTextLength()I @ 4
Event: 23.576 Thread 0x000000000036b000 Uncommon trap: reason=null_check action=maybe_recompile pc=0x00000000089b3e24 method=java.util.regex.Matcher.getTextLength()I @ 4
Event: 23.695 Thread 0x000000000036b000 Uncommon trap: reason=bimorphic action=maybe_recompile pc=0x00000000085bee48 method=java.util.regex.Pattern$5.isSatisfiedBy(I)Z @ 16
Event: 23.695 Thread 0x000000000036b000 Uncommon trap: reason=bimorphic action=maybe_recompile pc=0x00000000085bee48 method=java.util.regex.Pattern$5.isSatisfiedBy(I)Z @ 16
Event: 24.287 Thread 0x000000000036b000 Uncommon trap: reason=unstable_if action=reinterpret pc=0x000000000891e538 method=java.io.BufferedWriter.flushBuffer()V @ 15

Classes redefined (0 events):
No events

Internal exceptions (10 events):
Event: 20.055 Thread 0x000000000036b000 Exception <a 'java/io/FileNotFoundException'> (0x00000000d82113f8) thrown at [C:\jenkins\workspace\8-2-build-windows-amd64-cygwin\jdk8u261\295\hotspot\src\share\vm\prims\jni.cpp, line 710]
Event: 22.609 Thread 0x000000000036b000 Implicit null exception at 0x00000000089ba461 to 0x00000000089ba865
Event: 22.623 Thread 0x000000000036b000 Implicit null exception at 0x00000000089a7f45 to 0x00000000089a813d
Event: 23.564 Thread 0x000000000036b000 Implicit null exception at 0x00000000089b3d96 to 0x00000000089b3e19
Event: 23.571 Thread 0x000000000036b000 Implicit null exception at 0x00000000089b3d96 to 0x00000000089b3e19
Event: 23.576 Thread 0x000000000036b000 Implicit null exception at 0x00000000089b3d96 to 0x00000000089b3e19
Event: 23.580 Thread 0x000000000036b000 Implicit null exception at 0x000000000884ba61 to 0x000000000884bb27
Event: 23.580 Thread 0x000000000036b000 Exception <a 'java/lang/NullPointerException'> (0x00000000dca74688) thrown at [C:\jenkins\workspace\8-2-build-windows-amd64-cygwin\jdk8u261\295\hotspot\src\share\vm\runtime\sharedRuntime.cpp, line 605]
Event: 23.590 Thread 0x000000000036b000 Implicit null exception at 0x000000000884ba61 to 0x000000000884bb27
Event: 23.590 Thread 0x000000000036b000 Exception <a 'java/lang/NullPointerException'> (0x00000000dcadf0c0) thrown at [C:\jenkins\workspace\8-2-build-windows-amd64-cygwin\jdk8u261\295\hotspot\src\share\vm\runtime\sharedRuntime.cpp, line 605]

Events (10 events):
Event: 23.918 loading class java/lang/Class$EnclosingMethodInfo done
Event: 23.929 loading class lombok/launch/AnnotationProcessorHider$ClaimingProcessor
Event: 23.929 loading class lombok/launch/AnnotationProcessorHider$ClaimingProcessor done
Event: 24.280 Thread 0x000000000036b000 Uncommon trap: trap_request=0xffffff65 fr.pc=0x000000000891e538
Event: 24.280 Executing VM operation: RevokeBias
Event: 24.281 Executing VM operation: RevokeBias done
Event: 24.287 Thread 0x000000000036b000 DEOPT PACKING pc=0x000000000891e538 sp=0x000000000210db10
Event: 24.287 Thread 0x000000000036b000 DEOPT UNPACKING pc=0x000000000829583b sp=0x000000000210dad8 mode 2
Event: 24.516 Executing VM operation: ParallelGCFailedAllocation
Event: 24.553 Executing VM operation: ParallelGCFailedAllocation done


Dynamic libraries:
0x000000013fba0000 - 0x000000013fbe7000 	D:\xh\jdk1.8\bin\java.exe
0x0000000077090000 - 0x000000007722f000 	C:\Windows\SYSTEM32\ntdll.dll
0x0000000076e70000 - 0x0000000076f8f000 	C:\Windows\system32\kernel32.dll
0x000007fefcde0000 - 0x000007fefce4a000 	C:\Windows\system32\KERNELBASE.dll
0x000007fefd750000 - 0x000007fefd82b000 	C:\Windows\system32\ADVAPI32.dll
0x000007feff2e0000 - 0x000007feff37f000 	C:\Windows\system32\msvcrt.dll
0x000007fefe960000 - 0x000007fefe97f000 	C:\Windows\SYSTEM32\sechost.dll
0x000007fefd620000 - 0x000007fefd74c000 	C:\Windows\system32\RPCRT4.dll
0x0000000076f90000 - 0x000000007708a000 	C:\Windows\system32\USER32.dll
0x000007fefe7f0000 - 0x000007fefe857000 	C:\Windows\system32\GDI32.dll
0x000007fefed90000 - 0x000007fefed9e000 	C:\Windows\system32\LPK.dll
0x000007fefea90000 - 0x000007fefeb59000 	C:\Windows\system32\USP10.dll
0x000007fefb330000 - 0x000007fefb524000 	C:\Windows\WinSxS\amd64_microsoft.windows.common-controls_6595b64144ccf1df_6.0.7601.18837_none_fa3b1e3d17594757\COMCTL32.dll
0x000007fefd4b0000 - 0x000007fefd521000 	C:\Windows\system32\SHLWAPI.dll
0x000007fefe7c0000 - 0x000007fefe7ee000 	C:\Windows\system32\IMM32.DLL
0x000007fefe980000 - 0x000007fefea89000 	C:\Windows\system32\MSCTF.dll
0x000007fefcb30000 - 0x000007fefcb61000 	C:\Windows\system32\nvinitx.dll
0x000007fefcb20000 - 0x000007fefcb2c000 	C:\Windows\system32\VERSION.dll
0x00000000745a0000 - 0x00000000745a6000 	C:\Program Files\NVIDIA Corporation\CoProcManager\detoured.dll
0x000007fef99e0000 - 0x000007fef9a12000 	C:\Program Files\NVIDIA Corporation\CoProcManager\nvd3d9wrapx.dll
0x000007feff100000 - 0x000007feff2d7000 	C:\Windows\system32\SETUPAPI.dll
0x000007fefce50000 - 0x000007fefce86000 	C:\Windows\system32\CFGMGR32.dll
0x000007fefd540000 - 0x000007fefd61b000 	C:\Windows\system32\OLEAUT32.dll
0x000007fefe5c0000 - 0x000007fefe7bf000 	C:\Windows\system32\ole32.dll
0x000007fefcda0000 - 0x000007fefcdba000 	C:\Windows\system32\DEVOBJ.dll
0x000007fef9910000 - 0x000007fef9932000 	C:\Program Files\NVIDIA Corporation\CoProcManager\nvdxgiwrapx.dll
0x000007fef1ef0000 - 0x000007fef1ef3000 	C:\Windows\system32\api-ms-win-core-synch-l1-2-0.DLL
0x000007fefb2c0000 - 0x000007fefb2d5000 	D:\xh\jdk1.8\jre\bin\vcruntime140.dll
0x000007fefb1f0000 - 0x000007fefb1f4000 	C:\Windows\system32\api-ms-win-crt-runtime-l1-1-0.dll
0x000007fee5240000 - 0x000007fee5332000 	C:\Windows\system32\ucrtbase.DLL
0x000007fefb1e0000 - 0x000007fefb1e3000 	C:\Windows\system32\api-ms-win-core-timezone-l1-1-0.dll
0x000007fefb1d0000 - 0x000007fefb1d3000 	C:\Windows\system32\api-ms-win-core-file-l2-1-0.dll
0x000007fefa120000 - 0x000007fefa123000 	C:\Windows\system32\api-ms-win-core-localization-l1-2-0.dll
0x000007fefa110000 - 0x000007fefa113000 	C:\Windows\system32\api-ms-win-core-processthreads-l1-1-1.dll
0x000007feef940000 - 0x000007feef943000 	C:\Windows\system32\api-ms-win-core-file-l1-2-0.dll
0x000007feef900000 - 0x000007feef903000 	C:\Windows\system32\api-ms-win-crt-heap-l1-1-0.dll
0x000007feef530000 - 0x000007feef534000 	C:\Windows\system32\api-ms-win-crt-string-l1-1-0.dll
0x000007feef520000 - 0x000007feef524000 	C:\Windows\system32\api-ms-win-crt-stdio-l1-1-0.dll
0x000007feeee10000 - 0x000007feeee14000 	C:\Windows\system32\api-ms-win-crt-convert-l1-1-0.dll
0x000007fefb220000 - 0x000007fefb2bb000 	D:\xh\jdk1.8\jre\bin\msvcp140.dll
0x000007fee4fc0000 - 0x000007fee4fc3000 	C:\Windows\system32\api-ms-win-crt-locale-l1-1-0.dll
0x000007fee7280000 - 0x000007fee7285000 	C:\Windows\system32\api-ms-win-crt-math-l1-1-0.dll
0x000007fee7270000 - 0x000007fee7273000 	C:\Windows\system32\api-ms-win-crt-filesystem-l1-1-0.dll
0x000007fee6e90000 - 0x000007fee6e93000 	C:\Windows\system32\api-ms-win-crt-time-l1-1-0.dll
0x000007feeee00000 - 0x000007feeee03000 	C:\Windows\system32\api-ms-win-crt-environment-l1-1-0.dll
0x000007feeedf0000 - 0x000007feeedf3000 	C:\Windows\system32\api-ms-win-crt-utility-l1-1-0.dll
0x00000000079e0000 - 0x000000000824c000 	D:\xh\jdk1.8\jre\bin\server\jvm.dll
0x000007fef7070000 - 0x000007fef7079000 	C:\Windows\system32\WSOCK32.dll
0x000007fefeda0000 - 0x000007fefeded000 	C:\Windows\system32\WS2_32.dll
0x000007fefd530000 - 0x000007fefd538000 	C:\Windows\system32\NSI.dll
0x000007fefcd30000 - 0x000007fefcd6b000 	C:\Windows\system32\WINMM.dll
0x0000000077240000 - 0x0000000077247000 	C:\Windows\system32\PSAPI.DLL
0x000007fefb310000 - 0x000007fefb320000 	D:\xh\jdk1.8\jre\bin\verify.dll
0x000007fefaab0000 - 0x000007fefaadb000 	D:\xh\jdk1.8\jre\bin\java.dll
0x000007feefcb0000 - 0x000007feefce2000 	D:\xh\jdk1.8\jre\bin\instrument.dll
0x000007fefb200000 - 0x000007fefb218000 	D:\xh\jdk1.8\jre\bin\zip.dll
0x000007fefd830000 - 0x000007fefe5b8000 	C:\Windows\system32\SHELL32.dll
0x000007fefcc00000 - 0x000007fefcc0f000 	C:\Windows\system32\profapi.dll
0x000007feefc90000 - 0x000007feefcaa000 	D:\xh\IntelliJ IDEA 2020.1\bin\breakgen64.dll
0x000007fefa4b0000 - 0x000007fefa4cc000 	D:\xh\jdk1.8\jre\bin\net.dll
0x000007fefc270000 - 0x000007fefc2c5000 	C:\Windows\system32\mswsock.dll
0x000007fefc260000 - 0x000007fefc267000 	C:\Windows\System32\wship6.dll
0x000007fefc2d0000 - 0x000007fefc2e8000 	C:\Windows\system32\CRYPTSP.dll
0x000007fefbfd0000 - 0x000007fefc017000 	C:\Windows\system32\rsaenh.dll
0x000007fefcd00000 - 0x000007fefcd1e000 	C:\Windows\system32\USERENV.dll
0x000007fefca50000 - 0x000007fefca5f000 	C:\Windows\system32\CRYPTBASE.dll
0x000007fefa0b0000 - 0x000007fefa0d7000 	C:\Windows\system32\IPHLPAPI.DLL
0x000007fefa0a0000 - 0x000007fefa0ab000 	C:\Windows\system32\WINNSI.DLL
0x000007fef8940000 - 0x000007fef8958000 	C:\Windows\system32\dhcpcsvc.DLL
0x000007fef88e0000 - 0x000007fef88f1000 	C:\Windows\system32\dhcpcsvc6.DLL
0x000007feefcf0000 - 0x000007feefd03000 	D:\xh\jdk1.8\jre\bin\nio.dll
0x000007fefa1b0000 - 0x000007fefa1ba000 	C:\Users\Administrator\AppData\Local\Temp\jansi-1.17.1-934731611981382000.dll
0x000007feefc80000 - 0x000007feefc8a000 	C:\Users\Administrator\AppData\Local\Temp\jansi-1.17.1-2161125670787659450.dll

VM Arguments:
jvm_args: -Dmaven.multiModuleProjectDirectory=D:\xh\ideaWorkspace\toexcelserver -Dmaven.home=D:\xh\apache-maven-3.6.3 -Dclassworlds.conf=D:\xh\apache-maven-3.6.3\bin\m2.conf -Dmaven.ext.class.path=D:\xh\IntelliJ IDEA 2020.1\plugins\maven\lib\maven-event-listener.jar -javaagent:D:\xh\IntelliJ IDEA 2020.1\lib\idea_rt.jar=51578:D:\xh\IntelliJ IDEA 2020.1\bin -Dfile.encoding=UTF-8 
java_command: org.codehaus.classworlds.Launcher -Didea.version2020.1 -s D:\xh\apache-maven-3.6.3\conf\settings.xml package
java_class_path (initial): D:\xh\apache-maven-3.6.3\boot\plexus-classworlds-2.6.0.jar;D:\xh\apache-maven-3.6.3\boot\plexus-classworlds.license;D:\xh\IntelliJ IDEA 2020.1\lib\idea_rt.jar
Launcher Type: SUN_STANDARD

Environment Variables:
JAVA_HOME=D:\xh\jdk1.8
CLASSPATH=.;D:\xh\jdk1.8\lib;D:\xh\jdk1.8\lib\tools.jar
PATH=C:\Program Files (x86)\Common Files\Oracle\Java\javapath;C:\Program Files (x86)\Common Files\NetSarang;F:\app\Administrator\product\11.2.0\client_3;F:\app\Administrator\product\11.2.0\client_2\bin;F:\app\Administrator\product\11.2.0\client_1;c:\Ora10InstantClient;C:\Windows\system32;C:\Windows;C:\Windows\System32\Wbem;C:\Windows\System32\WindowsPowerShell\v1.0\;C:\Program Files (x86)\Microsoft SQL Server\100\Tools\Binn\;C:\Program Files\Microsoft SQL Server\100\Tools\Binn\;C:\Program Files\Microsoft SQL Server\100\DTS\Binn\;C:\Program Files (x86)\Microsoft SQL Server\100\Tools\Binn\VSShell\Common7\IDE\;C:\Program Files (x86)\Microsoft Visual Studio 9.0\Common7\IDE\PrivateAssemblies\;C:\Program Files (x86)\Microsoft SQL Server\100\DTS\Binn\;C:\Program Files\TortoiseSVN\bin;e:\T6SOFT\desktop;C:\Program Files (x86)\MySQL\MySQL Fabric 1.5 & MySQL Utilities 1.5\;C:\Program Files (x86)\MySQL\MySQL Fabric 1.5 & MySQL Utilities 1.5\Doctrine extensions for PHP\;C:\Oracle\product\11.2.0\client_lite\bin;C:\Program Files (x86)\Kingdee\K3ERP\KDSYSTEM;D:\xh\Git\cmd;D:\xh\nodejs\;D:\xh\jdk1.8\bin;D:\xh\jdk1.8\jre\bin;C:\Program Files\dotnet\;C:\Program Files\Microsoft SQL Server\130\Tools\Binn\;C:\Program Files\Microsoft SQL Server\Client SDK\ODBC\170\Tools\Binn\;;F:\xh\Microsoft VS Code\bin;C:\Users\Administrator\AppData\Roaming\npm;C:\Users\Administrator\.dotnet\tools
USERNAME=Administrator
OS=Windows_NT
PROCESSOR_IDENTIFIER=Intel64 Family 6 Model 61 Stepping 4, GenuineIntel



---------------  S Y S T E M  ---------------

OS: Windows 7 , 64 bit Build 7601 (6.1.7601.24408)

CPU:total 4 (initial active 4) (2 cores per cpu, 2 threads per core) family 6 model 61 stepping 4, cmov, cx8, fxsr, mmx, sse, sse2, sse3, ssse3, sse4.1, sse4.2, popcnt, avx, avx2, aes, clmul, erms, 3dnowpref, lzcnt, ht, tsc, tscinvbit, bmi1, bmi2, adx

Memory: 4k page, physical 8077684k(701708k free), swap 10697224k(5124k free)

vm_info: Java HotSpot(TM) 64-Bit Server VM (25.261-b12) for windows-amd64 JRE (1.8.0_261-b12), built on Jun 18 2020 06:56:32 by "" with unknown MS VC++:1916

time: Tue Sep 22 16:30:24 2020
timezone: ?D1¨²¡À¨º¡Á?¨º¡À??
elapsed time: 24 seconds (0d 0h 0m 24s)

