#
# There is insufficient memory for the Java Runtime Environment to continue.
# Native memory allocation (malloc) failed to allocate 227856 bytes for Chunk::new
# Possible reasons:
#   The system is out of physical RAM or swap space
#   The process is running with CompressedOops enabled, and the Java Heap may be blocking the growth of the native heap
# Possible solutions:
#   Reduce memory load on the system
#   Increase physical memory or swap space
#   Check if swap backing store is full
#   Decrease Java heap size (-Xmx/-Xms)
#   Decrease number of Java threads
#   Decrease Java thread stack sizes (-Xss)
#   Set larger code cache with -XX:ReservedCodeCacheSize=
#   JVM is running with Unscaled Compressed Oops mode in which the Java heap is
#     placed in the first 4GB address space. The Java Heap base address is the
#     maximum limit for the native heap growth. Please use -XX:HeapBaseMinAddress
#     to set the Java Heap base and to place the Java Heap above 4GB virtual address.
# This output file may be truncated or incomplete.
#
#  Out of Memory Error (allocation.cpp:389), pid=5004, tid=0x0000000000009eec
#
# JRE version: Java(TM) SE Runtime Environment (8.0_261-b12) (build 1.8.0_261-b12)
# Java VM: Java HotSpot(TM) 64-Bit Server VM (25.261-b12 mixed mode windows-amd64 compressed oops)
# Failed to write core dump. Minidumps are not enabled by default on client versions of Windows
#

---------------  T H R E A D  ---------------

Current thread (0x0000000007875800):  JavaThread "C2 CompilerThread1" daemon [_thread_in_native, id=40684, stack(0x0000000059320000,0x0000000059420000)]

Stack: [0x0000000059320000,0x0000000059420000]
Native frames: (J=compiled Java code, j=interpreted, Vv=VM code, C=native code)
V  [jvm.dll+0x33e5f9]


Current CompileTask:
C2:   3249  477  s    4       sun.misc.URLClassPath::getNextLoader (88 bytes)


---------------  P R O C E S S  ---------------

Java Threads: ( => current thread )
  0x0000000059864800 JavaThread "surefire-forkedjvm-ping-30s" daemon [_thread_blocked, id=43124, stack(0x0000000059de0000,0x0000000059ee0000)]
  0x0000000059722800 JavaThread "surefire-forkedjvm-command-thread" daemon [_thread_in_native, id=22388, stack(0x0000000059c40000,0x0000000059d40000)]
  0x00000000078e7000 JavaThread "Service Thread" daemon [_thread_blocked, id=30140, stack(0x0000000059580000,0x0000000059680000)]
  0x0000000007880000 JavaThread "C1 CompilerThread2" daemon [_thread_in_vm, id=45732, stack(0x0000000059430000,0x0000000059530000)]
=>0x0000000007875800 JavaThread "C2 CompilerThread1" daemon [_thread_in_native, id=40684, stack(0x0000000059320000,0x0000000059420000)]
  0x000000000785f000 JavaThread "C2 CompilerThread0" daemon [_thread_in_native, id=25888, stack(0x0000000002e50000,0x0000000002f50000)]
  0x000000000785e800 JavaThread "Attach Listener" daemon [_thread_blocked, id=45200, stack(0x0000000059140000,0x0000000059240000)]
  0x0000000007847000 JavaThread "Signal Dispatcher" daemon [_thread_blocked, id=29748, stack(0x0000000058f10000,0x0000000059010000)]
  0x0000000000459800 JavaThread "Finalizer" daemon [_thread_blocked, id=43500, stack(0x0000000058de0000,0x0000000058ee0000)]
  0x0000000007823000 JavaThread "Reference Handler" daemon [_thread_blocked, id=38412, stack(0x0000000058b70000,0x0000000058c70000)]
  0x00000000003e8000 JavaThread "main" [_thread_in_vm, id=40528, stack(0x0000000001f10000,0x0000000002010000)]

Other Threads:
  0x00000000077e1000 VMThread [stack: 0x0000000058950000,0x0000000058a50000] [id=41116]
  0x00000000078ea800 WatcherThread [stack: 0x0000000059af0000,0x0000000059bf0000] [id=44796]

VM state:not at safepoint (normal execution)

VM Mutex/Monitor currently owned by a thread:  ([mutex/lock_event])
[0x00000000003d8c40] CodeCache_lock - owner thread: 0x0000000007880000
[0x00000000003da2c0] Compile_lock - owner thread: 0x0000000007880000
[0x00000000003da3c0] MethodCompileQueue_lock - owner thread: 0x0000000007880000

heap address: 0x0000000084a00000, size: 1974 MB, Compressed Oops mode: 32-bit
Narrow klass base: 0x0000000000000000, Narrow klass shift: 0
Compressed class space size: 1073741824 Address: 0x0000000017250000

Heap:
 PSYoungGen      total 36864K, used 12719K [0x00000000d6e00000, 0x00000000d9700000, 0x0000000100000000)
  eden space 31744K, 40% used [0x00000000d6e00000,0x00000000d7a6bee8,0x00000000d8d00000)
  from space 5120K, 0% used [0x00000000d9200000,0x00000000d9200000,0x00000000d9700000)
  to   space 5120K, 0% used [0x00000000d8d00000,0x00000000d8d00000,0x00000000d9200000)
 ParOldGen       total 84992K, used 0K [0x0000000084a00000, 0x0000000089d00000, 0x00000000d6e00000)
  object space 84992K, 0% used [0x0000000084a00000,0x0000000084a00000,0x0000000089d00000)
 Metaspace       used 6647K, capacity 6936K, committed 7040K, reserved 1056768K
  class space    used 751K, capacity 842K, committed 896K, reserved 1048576K

Card table byte_map: [0x00000000026a0000,0x0000000002a80000] byte_map_base: 0x000000000227b000

Marking Bits: (ParMarkBitMap*) 0x00000000081d4fb0
 Begin Bits: [0x0000000003380000, 0x0000000005258000)
 End Bits:   [0x0000000005258000, 0x0000000007130000)

Polling page: 0x0000000000130000

CodeCache: size=245760Kb used=2225Kb max_used=2225Kb free=243534Kb
 bounds [0x0000000008250000, 0x00000000084c0000, 0x0000000017250000]
 total_blobs=779 nmethods=474 adapters=217
 compilation: enabled

Compilation events (10 events):
Event: 3.232 Thread 0x0000000007880000 nmethod 471 0x000000000846a590 code [0x000000000846a780, 0x000000000846b298]
Event: 3.233 Thread 0x0000000007880000  472       3       java.util.zip.ZipFile::access$1300 (5 bytes)
Event: 3.233 Thread 0x0000000007880000 nmethod 472 0x00000000084633d0 code [0x0000000008463540, 0x00000000084637a8]
Event: 3.233 Thread 0x0000000007880000  473       3       java.util.zip.ZipFile::ensureOpenOrZipException (18 bytes)
Event: 3.233 Thread 0x0000000007880000 nmethod 473 0x0000000008462f50 code [0x00000000084630c0, 0x00000000084632e8]
Event: 3.233 Thread 0x0000000007880000  474       3       sun.net.www.protocol.file.Handler::parseURL (18 bytes)
Event: 3.233 Thread 0x0000000007880000 nmethod 474 0x000000000846b8d0 code [0x000000000846ba40, 0x000000000846bcb8]
Event: 3.233 Thread 0x0000000007880000  475       3       java.net.URLStreamHandler::parseURL (1193 bytes)
Event: 3.234 Thread 0x000000000785f000  476  s!   4       sun.misc.URLClassPath::getLoader (243 bytes)
Event: 3.234 Thread 0x0000000007875800  477  s    4       sun.misc.URLClassPath::getNextLoader (88 bytes)

GC Heap History (0 events):
No events

Deoptimization events (1 events):
Event: 1.395 Thread 0x00000000003e8000 Uncommon trap: reason=unstable_if action=reinterpret pc=0x00000000083cccf4 method=java.lang.String.startsWith(Ljava/lang/String;I)Z @ 25

Classes redefined (0 events):
No events

Internal exceptions (8 events):
Event: 0.062 Thread 0x00000000003e8000 Exception <a 'java/lang/NoSuchMethodError': Method sun.misc.Unsafe.defineClass(Ljava/lang/String;[BII)Ljava/lang/Class; name or signature does not match> (0x00000000d6e07cc0) thrown at [C:\jenkins\workspace\8-2-build-windows-amd64-cygwin\jdk8u261\295\hots
Event: 0.062 Thread 0x00000000003e8000 Exception <a 'java/lang/NoSuchMethodError': Method sun.misc.Unsafe.prefetchRead(Ljava/lang/Object;J)V name or signature does not match> (0x00000000d6e07fa8) thrown at [C:\jenkins\workspace\8-2-build-windows-amd64-cygwin\jdk8u261\295\hotspot\src\share\vm\p
Event: 0.314 Thread 0x00000000003e8000 Exception <a 'java/security/PrivilegedActionException'> (0x00000000d728bd88) thrown at [C:\jenkins\workspace\8-2-build-windows-amd64-cygwin\jdk8u261\295\hotspot\src\share\vm\prims\jvm.cpp, line 1512]
Event: 0.314 Thread 0x00000000003e8000 Exception <a 'java/security/PrivilegedActionException'> (0x00000000d728c180) thrown at [C:\jenkins\workspace\8-2-build-windows-amd64-cygwin\jdk8u261\295\hotspot\src\share\vm\prims\jvm.cpp, line 1512]
Event: 0.315 Thread 0x00000000003e8000 Exception <a 'java/security/PrivilegedActionException'> (0x00000000d728e860) thrown at [C:\jenkins\workspace\8-2-build-windows-amd64-cygwin\jdk8u261\295\hotspot\src\share\vm\prims\jvm.cpp, line 1512]
Event: 0.315 Thread 0x00000000003e8000 Exception <a 'java/security/PrivilegedActionException'> (0x00000000d728ec58) thrown at [C:\jenkins\workspace\8-2-build-windows-amd64-cygwin\jdk8u261\295\hotspot\src\share\vm\prims\jvm.cpp, line 1512]
Event: 3.140 Thread 0x00000000003e8000 Exception <a 'java/lang/NoSuchFieldError': method resolution failed> (0x00000000d7787ba8) thrown at [C:\jenkins\workspace\8-2-build-windows-amd64-cygwin\jdk8u261\295\hotspot\src\share\vm\prims\methodHandles.cpp, line 1169]
Event: 3.142 Thread 0x00000000003e8000 Exception <a 'java/lang/NoSuchFieldError': method resolution failed> (0x00000000d7795540) thrown at [C:\jenkins\workspace\8-2-build-windows-amd64-cygwin\jdk8u261\295\hotspot\src\share\vm\prims\methodHandles.cpp, line 1169]

Events (10 events):
Event: 3.233 loading class org/junit/platform/engine/DiscoverySelector
Event: 3.233 loading class org/junit/platform/engine/DiscoverySelector done
Event: 3.235 loading class org/junit/platform/engine/discovery/DiscoverySelectors
Event: 3.235 loading class org/junit/platform/engine/discovery/DiscoverySelectors done
Event: 3.243 loading class java/net/URISyntaxException
Event: 3.243 loading class java/net/URISyntaxException done
Event: 3.243 Executing VM operation: Deoptimize
Event: 3.243 Executing VM operation: Deoptimize done
Event: 3.244 loading class org/junit/platform/engine/discovery/ClassSelector
Event: 3.244 loading class org/junit/platform/engine/discovery/ClassSelector done


Dynamic libraries:
0x000000013f2c0000 - 0x000000013f307000 	D:\xh\jdk1.8\jre\bin\java.exe
0x0000000077090000 - 0x000000007722f000 	C:\Windows\SYSTEM32\ntdll.dll
0x0000000076e70000 - 0x0000000076f8f000 	C:\Windows\system32\kernel32.dll
0x000007fefcde0000 - 0x000007fefce4a000 	C:\Windows\system32\KERNELBASE.dll
0x000007fefd750000 - 0x000007fefd82b000 	C:\Windows\system32\ADVAPI32.dll
0x000007feff2e0000 - 0x000007feff37f000 	C:\Windows\system32\msvcrt.dll
0x000007fefe960000 - 0x000007fefe97f000 	C:\Windows\SYSTEM32\sechost.dll
0x000007fefd620000 - 0x000007fefd74c000 	C:\Windows\system32\RPCRT4.dll
0x0000000076f90000 - 0x000000007708a000 	C:\Windows\system32\USER32.dll
0x000007fefe7f0000 - 0x000007fefe857000 	C:\Windows\system32\GDI32.dll
0x000007fefed90000 - 0x000007fefed9e000 	C:\Windows\system32\LPK.dll
0x000007fefea90000 - 0x000007fefeb59000 	C:\Windows\system32\USP10.dll
0x000007fefb330000 - 0x000007fefb524000 	C:\Windows\WinSxS\amd64_microsoft.windows.common-controls_6595b64144ccf1df_6.0.7601.18837_none_fa3b1e3d17594757\COMCTL32.dll
0x000007fefd4b0000 - 0x000007fefd521000 	C:\Windows\system32\SHLWAPI.dll
0x000007fefe7c0000 - 0x000007fefe7ee000 	C:\Windows\system32\IMM32.DLL
0x000007fefe980000 - 0x000007fefea89000 	C:\Windows\system32\MSCTF.dll
0x000007fefcb30000 - 0x000007fefcb61000 	C:\Windows\system32\nvinitx.dll
0x000007fefcb20000 - 0x000007fefcb2c000 	C:\Windows\system32\VERSION.dll
0x00000000745a0000 - 0x00000000745a6000 	C:\Program Files\NVIDIA Corporation\CoProcManager\detoured.dll
0x000007fef99e0000 - 0x000007fef9a12000 	C:\Program Files\NVIDIA Corporation\CoProcManager\nvd3d9wrapx.dll
0x000007feff100000 - 0x000007feff2d7000 	C:\Windows\system32\SETUPAPI.dll
0x000007fefce50000 - 0x000007fefce86000 	C:\Windows\system32\CFGMGR32.dll
0x000007fefd540000 - 0x000007fefd61b000 	C:\Windows\system32\OLEAUT32.dll
0x000007fefe5c0000 - 0x000007fefe7bf000 	C:\Windows\system32\ole32.dll
0x000007fefcda0000 - 0x000007fefcdba000 	C:\Windows\system32\DEVOBJ.dll
0x000007fef9910000 - 0x000007fef9932000 	C:\Program Files\NVIDIA Corporation\CoProcManager\nvdxgiwrapx.dll
0x000007fef1ef0000 - 0x000007fef1ef3000 	C:\Windows\system32\api-ms-win-core-synch-l1-2-0.DLL
0x000007fefb2c0000 - 0x000007fefb2d5000 	D:\xh\jdk1.8\jre\bin\vcruntime140.dll
0x000007fee8d30000 - 0x000007fee8d34000 	D:\xh\jdk1.8\jre\bin\api-ms-win-crt-runtime-l1-1-0.dll
0x000007fee7120000 - 0x000007fee721c000 	D:\xh\jdk1.8\jre\bin\ucrtbase.DLL
0x000007fee8d20000 - 0x000007fee8d23000 	D:\xh\jdk1.8\jre\bin\api-ms-win-core-localization-l1-2-0.dll
0x000007fee8630000 - 0x000007fee8633000 	D:\xh\jdk1.8\jre\bin\api-ms-win-core-processthreads-l1-1-1.dll
0x000007fee7600000 - 0x000007fee7603000 	D:\xh\jdk1.8\jre\bin\api-ms-win-core-file-l1-2-0.dll
0x000007fee75c0000 - 0x000007fee75c3000 	D:\xh\jdk1.8\jre\bin\api-ms-win-core-timezone-l1-1-0.dll
0x000007fee75b0000 - 0x000007fee75b3000 	D:\xh\jdk1.8\jre\bin\api-ms-win-core-file-l2-1-0.dll
0x000007fee75a0000 - 0x000007fee75a3000 	D:\xh\jdk1.8\jre\bin\api-ms-win-crt-heap-l1-1-0.dll
0x000007fee7590000 - 0x000007fee7594000 	D:\xh\jdk1.8\jre\bin\api-ms-win-crt-string-l1-1-0.dll
0x000007fee7580000 - 0x000007fee7584000 	D:\xh\jdk1.8\jre\bin\api-ms-win-crt-stdio-l1-1-0.dll
0x000007fee7570000 - 0x000007fee7574000 	D:\xh\jdk1.8\jre\bin\api-ms-win-crt-convert-l1-1-0.dll
0x000007fefb220000 - 0x000007fefb2bb000 	D:\xh\jdk1.8\jre\bin\msvcp140.dll
0x000007fee7560000 - 0x000007fee7563000 	D:\xh\jdk1.8\jre\bin\api-ms-win-crt-locale-l1-1-0.dll
0x000007fee7550000 - 0x000007fee7555000 	D:\xh\jdk1.8\jre\bin\api-ms-win-crt-math-l1-1-0.dll
0x000007fee74b0000 - 0x000007fee74b3000 	D:\xh\jdk1.8\jre\bin\api-ms-win-crt-filesystem-l1-1-0.dll
0x000007fee74a0000 - 0x000007fee74a3000 	D:\xh\jdk1.8\jre\bin\api-ms-win-crt-time-l1-1-0.dll
0x000007fee6f10000 - 0x000007fee6f13000 	D:\xh\jdk1.8\jre\bin\api-ms-win-crt-environment-l1-1-0.dll
0x000007fee6d40000 - 0x000007fee6d43000 	D:\xh\jdk1.8\jre\bin\api-ms-win-crt-utility-l1-1-0.dll
0x00000000079e0000 - 0x000000000824c000 	D:\xh\jdk1.8\jre\bin\server\jvm.dll
0x000007fef7070000 - 0x000007fef7079000 	C:\Windows\system32\WSOCK32.dll
0x000007fefeda0000 - 0x000007fefeded000 	C:\Windows\system32\WS2_32.dll
0x000007fefd530000 - 0x000007fefd538000 	C:\Windows\system32\NSI.dll
0x000007fefcd30000 - 0x000007fefcd6b000 	C:\Windows\system32\WINMM.dll
0x0000000077240000 - 0x0000000077247000 	C:\Windows\system32\PSAPI.DLL
0x000007fefb310000 - 0x000007fefb320000 	D:\xh\jdk1.8\jre\bin\verify.dll
0x000007fefaab0000 - 0x000007fefaadb000 	D:\xh\jdk1.8\jre\bin\java.dll
0x000007fefb200000 - 0x000007fefb218000 	D:\xh\jdk1.8\jre\bin\zip.dll
0x000007fefd830000 - 0x000007fefe5b8000 	C:\Windows\system32\SHELL32.dll
0x000007fefcc00000 - 0x000007fefcc0f000 	C:\Windows\system32\profapi.dll
0x000007fee8d40000 - 0x000007fee8d4d000 	D:\xh\jdk1.8\jre\bin\management.dll
0x000007fefc9f0000 - 0x000007fefca47000 	C:\Windows\system32\apphelp.dll

VM Arguments:
java_command: C:\Users\ADMINI~1\AppData\Local\Temp\surefire534200404718008796\surefirebooter448114264088794049.jar C:\Users\Administrator\AppData\Local\Temp\surefire534200404718008796 2020-09-22T16-24-55_869-jvmRun1 surefire3287498807041767911tmp surefire_05626013284476646315tmp
java_class_path (initial): C:\Users\ADMINI~1\AppData\Local\Temp\surefire534200404718008796\surefirebooter448114264088794049.jar
Launcher Type: SUN_STANDARD

Environment Variables:
JAVA_HOME=D:\xh\jdk1.8
CLASSPATH=.;D:\xh\jdk1.8\lib;D:\xh\jdk1.8\lib\tools.jar
PATH=C:\Program Files (x86)\Common Files\Oracle\Java\javapath;C:\Program Files (x86)\Common Files\NetSarang;F:\app\Administrator\product\11.2.0\client_3;F:\app\Administrator\product\11.2.0\client_2\bin;F:\app\Administrator\product\11.2.0\client_1;c:\Ora10InstantClient;C:\Windows\system32;C:\Windows;C:\Windows\System32\Wbem;C:\Windows\System32\WindowsPowerShell\v1.0\;C:\Program Files (x86)\Microsoft SQL Server\100\Tools\Binn\;C:\Program Files\Microsoft SQL Server\100\Tools\Binn\;C:\Program Files\Microsoft SQL Server\100\DTS\Binn\;C:\Program Files (x86)\Microsoft SQL Server\100\Tools\Binn\VSShell\Common7\IDE\;C:\Program Files (x86)\Microsoft Visual Studio 9.0\Common7\IDE\PrivateAssemblies\;C:\Program Files (x86)\Microsoft SQL Server\100\DTS\Binn\;C:\Program Files\TortoiseSVN\bin;e:\T6SOFT\desktop;C:\Program Files (x86)\MySQL\MySQL Fabric 1.5 & MySQL Utilities 1.5\;C:\Program Files (x86)\MySQL\MySQL Fabric 1.5 & MySQL Utilities 1.5\Doctrine extensions for PHP\;C:\Oracle\product\11.2.0\client_lite\bin;C:\Program Files (x86)\Kingdee\K3ERP\KDSYSTEM;D:\xh\Git\cmd;D:\xh\nodejs\;D:\xh\jdk1.8\bin;D:\xh\jdk1.8\jre\bin;C:\Program Files\dotnet\;C:\Program Files\Microsoft SQL Server\130\Tools\Binn\;C:\Program Files\Microsoft SQL Server\Client SDK\ODBC\170\Tools\Binn\;;F:\xh\Microsoft VS Code\bin;C:\Users\Administrator\AppData\Roaming\npm;C:\Users\Administrator\.dotnet\tools
USERNAME=Administrator
OS=Windows_NT
PROCESSOR_IDENTIFIER=Intel64 Family 6 Model 61 Stepping 4, GenuineIntel



---------------  S Y S T E M  ---------------

OS: Windows 7 , 64 bit Build 7601 (6.1.7601.24408)

CPU:total 4 (initial active 4) (2 cores per cpu, 2 threads per core) family 6 model 61 stepping 4, cmov, cx8, fxsr, mmx, sse, sse2, sse3, ssse3, sse4.1, sse4.2, popcnt, avx, avx2, aes, clmul, erms, 3dnowpref, lzcnt, ht, tsc, tscinvbit, bmi1, bmi2, adx

Memory: 4k page, physical 8077684k(957052k free), swap 10697224k(4928k free)

vm_info: Java HotSpot(TM) 64-Bit Server VM (25.261-b12) for windows-amd64 JRE (1.8.0_261-b12), built on Jun 18 2020 06:56:32 by "" with unknown MS VC++:1916

time: Tue Sep 22 16:25:00 2020
timezone: ?D1¨²¡À¨º¡Á?¨º¡À??
elapsed time: 3 seconds (0d 0h 0m 3s)

